This file contains any messages produced by compilers while
running configure, to aid debugging if configure makes a mistake.

It was created by apertium-eng-kaz configure 1.0.0, which was
generated by GNU Autoconf 2.69.  Invocation command line was

  $ ./configure 

## --------- ##
## Platform. ##
## --------- ##

hostname = aida-HP-Pavilion-Notebook
uname -m = x86_64
uname -r = 4.4.0-75-generic
uname -s = Linux
uname -v = #96-Ubuntu SMP Thu Apr 20 09:56:33 UTC 2017

/usr/bin/uname -p = unknown
/bin/uname -X     = unknown

/bin/arch              = unknown
/usr/bin/arch -k       = unknown
/usr/convex/getsysinfo = unknown
/usr/bin/hostinfo      = unknown
/bin/machine           = unknown
/usr/bin/oslevel       = unknown
/bin/universe          = unknown

PATH: /usr/local/sbin
PATH: /usr/local/bin
PATH: /usr/sbin
PATH: /usr/bin
PATH: /sbin
PATH: /bin
PATH: /usr/games
PATH: /usr/local/games
PATH: /snap/bin
PATH: /usr/lib/jvm/java-8-oracle/bin
PATH: /usr/lib/jvm/java-8-oracle/db/bin
PATH: /usr/lib/jvm/java-8-oracle/jre/bin
PATH: /usr/local/bin


## ----------- ##
## Core tests. ##
## ----------- ##

configure:1827: checking for a BSD-compatible install
configure:1895: result: /usr/bin/install -c
configure:1906: checking whether build environment is sane
configure:1961: result: yes
configure:2112: checking for a thread-safe mkdir -p
configure:2151: result: /bin/mkdir -p
configure:2158: checking for gawk
configure:2174: found /usr/bin/gawk
configure:2185: result: gawk
configure:2196: checking whether make sets $(MAKE)
configure:2218: result: yes
configure:2247: checking whether make supports nested variables
configure:2264: result: yes
configure:2382: checking whether ln -s works
configure:2386: result: yes
configure:2397: checking for gawk
configure:2424: result: gawk
configure:2491: checking for pkg-config
configure:2509: found /usr/bin/pkg-config
configure:2521: result: /usr/bin/pkg-config
configure:2546: checking pkg-config is at least version 0.9.0
configure:2549: result: yes
configure:2559: checking for APERTIUM
configure:2566: $PKG_CONFIG --exists --print-errors "apertium >= 3.3.0"
configure:2569: $? = 0
configure:2583: $PKG_CONFIG --exists --print-errors "apertium >= 3.3.0"
configure:2586: $? = 0
configure:2804: result: yes
configure:2812: checking for hfst-lexc
configure:2830: found /usr/bin/hfst-lexc
configure:2843: result: /usr/bin/hfst-lexc
configure:2862: checking for hfst-twolc
configure:2880: found /usr/bin/hfst-twolc
configure:2893: result: /usr/bin/hfst-twolc
configure:2912: checking for cg-comp
configure:2930: found /usr/bin/cg-comp
configure:2943: result: /usr/bin/cg-comp
configure:2962: checking for cg-proc
configure:2980: found /usr/bin/cg-proc
configure:2993: result: /usr/bin/cg-proc
configure:3012: checking for lrx-comp
configure:3030: found /usr/bin/lrx-comp
configure:3043: result: /usr/bin/lrx-comp
configure:3062: checking for lrx-proc
configure:3080: found /usr/bin/lrx-proc
configure:3093: result: /usr/bin/lrx-proc
configure:3112: checking for gzcat
configure:3143: result: no
configure:3153: checking for zcat
configure:3171: found /bin/zcat
configure:3184: result: /bin/zcat
configure:3232: checking for APERTIUM_KAZ
configure:3239: $PKG_CONFIG --exists --print-errors "apertium-kaz"
configure:3242: $? = 0
configure:3256: $PKG_CONFIG --exists --print-errors "apertium-kaz"
configure:3259: $? = 0
configure:3317: result: yes
configure:3543: checking that generated files are newer than configure
configure:3549: result: done
configure:3557: creating ./config.status

## ---------------------- ##
## Running config.status. ##
## ---------------------- ##

This file was extended by apertium-eng-kaz config.status 1.0.0, which was
generated by GNU Autoconf 2.69.  Invocation command line was

  CONFIG_FILES    = 
  CONFIG_HEADERS  = 
  CONFIG_LINKS    = 
  CONFIG_COMMANDS = 
  $ ./config.status 

on aida-HP-Pavilion-Notebook

config.status:789: creating Makefile

## ---------------- ##
## Cache variables. ##
## ---------------- ##

ac_cv_env_APERTIUM_CFLAGS_set=
ac_cv_env_APERTIUM_CFLAGS_value=
ac_cv_env_APERTIUM_KAZ_CFLAGS_set=
ac_cv_env_APERTIUM_KAZ_CFLAGS_value=
ac_cv_env_APERTIUM_KAZ_LIBS_set=
ac_cv_env_APERTIUM_KAZ_LIBS_value=
ac_cv_env_APERTIUM_LIBS_set=
ac_cv_env_APERTIUM_LIBS_value=
ac_cv_env_AP_LIB2_set=
ac_cv_env_AP_LIB2_value=
ac_cv_env_AP_SRC2_set=
ac_cv_env_AP_SRC2_value=
ac_cv_env_AP_SUBDIRS_set=
ac_cv_env_AP_SUBDIRS_value=
ac_cv_env_PKG_CONFIG_LIBDIR_set=
ac_cv_env_PKG_CONFIG_LIBDIR_value=
ac_cv_env_PKG_CONFIG_PATH_set=set
ac_cv_env_PKG_CONFIG_PATH_value=/tmp/test/apertium-kaz-1.0.0:/usr/local/share/pkgconfig:/usr/local/lib/pkgconfig
ac_cv_env_PKG_CONFIG_set=
ac_cv_env_PKG_CONFIG_value=
ac_cv_env_build_alias_set=
ac_cv_env_build_alias_value=
ac_cv_env_host_alias_set=
ac_cv_env_host_alias_value=
ac_cv_env_target_alias_set=
ac_cv_env_target_alias_value=
ac_cv_path_CGCOMP=/usr/bin/cg-comp
ac_cv_path_CGPROC=/usr/bin/cg-proc
ac_cv_path_GZCAT=no
ac_cv_path_HFSTLEXC=/usr/bin/hfst-lexc
ac_cv_path_HFSTTWOLC=/usr/bin/hfst-twolc
ac_cv_path_LRXCOMP=/usr/bin/lrx-comp
ac_cv_path_LRXPROC=/usr/bin/lrx-proc
ac_cv_path_ZCAT=/bin/zcat
ac_cv_path_ac_pt_PKG_CONFIG=/usr/bin/pkg-config
ac_cv_path_install='/usr/bin/install -c'
ac_cv_path_mkdir=/bin/mkdir
ac_cv_prog_AWK=gawk
ac_cv_prog_make_make_set=yes
am_cv_make_support_nested_variables=yes
pkg_cv_APERTIUM_CFLAGS='-I/usr/include/apertium-3.4 -I/usr/lib/x86_64-linux-gnu/apertium-3.4/include -I/usr/include/lttoolbox-3.3 -I/usr/lib/x86_64-linux-gnu/lttoolbox-3.3/include -I/usr/include/libxml2'
pkg_cv_APERTIUM_KAZ_CFLAGS=
pkg_cv_APERTIUM_KAZ_LIBS=
pkg_cv_APERTIUM_LIBS='-lapertium3 -llttoolbox3 -lxml2 -lpcre'

## ----------------- ##
## Output variables. ##
## ----------------- ##

ACLOCAL='${SHELL} /home/aida/git/apertium-eng-kaz/missing aclocal-1.15'
AMTAR='$${TAR-tar}'
AM_BACKSLASH='\'
AM_DEFAULT_V='$(AM_DEFAULT_VERBOSITY)'
AM_DEFAULT_VERBOSITY='1'
AM_V='$(V)'
APERTIUM_CFLAGS='-I/usr/include/apertium-3.4 -I/usr/lib/x86_64-linux-gnu/apertium-3.4/include -I/usr/include/lttoolbox-3.3 -I/usr/lib/x86_64-linux-gnu/lttoolbox-3.3/include -I/usr/include/libxml2'
APERTIUM_KAZ_CFLAGS=''
APERTIUM_KAZ_LIBS=''
APERTIUM_LIBS='-lapertium3 -llttoolbox3 -lxml2 -lpcre'
AP_LIB2=''
AP_SRC2='/tmp/test/share/apertium/apertium-kaz'
AP_SUBDIRS=''
AUTOCONF='${SHELL} /home/aida/git/apertium-eng-kaz/missing autoconf'
AUTOHEADER='${SHELL} /home/aida/git/apertium-eng-kaz/missing autoheader'
AUTOMAKE='${SHELL} /home/aida/git/apertium-eng-kaz/missing automake-1.15'
AWK='gawk'
CGCOMP='/usr/bin/cg-comp'
CGPROC='/usr/bin/cg-proc'
CYGPATH_W='echo'
DEFS='-DPACKAGE_NAME=\"apertium-eng-kaz\" -DPACKAGE_TARNAME=\"apertium-eng-kaz\" -DPACKAGE_VERSION=\"1.0.0\" -DPACKAGE_STRING=\"apertium-eng-kaz\ 1.0.0\" -DPACKAGE_BUGREPORT=\"unknown@users.sourceforge.net\" -DPACKAGE_URL=\"\"'
ECHO_C=''
ECHO_N='-n'
ECHO_T=''
GZCAT='no'
HFSTLEXC='/usr/bin/hfst-lexc'
HFSTTWOLC='/usr/bin/hfst-twolc'
INSTALL_DATA='${INSTALL} -m 644'
INSTALL_PROGRAM='${INSTALL}'
INSTALL_SCRIPT='${INSTALL}'
INSTALL_STRIP_PROGRAM='$(install_sh) -c -s'
LIBOBJS=''
LIBS=''
LN_S='ln -s'
LRXCOMP='/usr/bin/lrx-comp'
LRXPROC='/usr/bin/lrx-proc'
LTLIBOBJS=''
MAKEINFO='${SHELL} /home/aida/git/apertium-eng-kaz/missing makeinfo'
MKDIR_P='/bin/mkdir -p'
PACKAGE='apertium-eng-kaz'
PACKAGE_BUGREPORT='unknown@users.sourceforge.net'
PACKAGE_NAME='apertium-eng-kaz'
PACKAGE_STRING='apertium-eng-kaz 1.0.0'
PACKAGE_TARNAME='apertium-eng-kaz'
PACKAGE_URL=''
PACKAGE_VERSION='1.0.0'
PATH_SEPARATOR=':'
PKG_CONFIG='/usr/bin/pkg-config'
PKG_CONFIG_LIBDIR=''
PKG_CONFIG_PATH='/tmp/test/apertium-kaz-1.0.0:/usr/local/share/pkgconfig:/usr/local/lib/pkgconfig'
SET_MAKE=''
SHELL='/bin/bash'
STRIP=''
VERSION='1.0.0'
ZCAT='zcat'
am__isrc=''
am__leading_dot='.'
am__tar='$${TAR-tar} chof - "$$tardir"'
am__untar='$${TAR-tar} xf -'
bindir='${exec_prefix}/bin'
build_alias=''
datadir='${datarootdir}'
datarootdir='${prefix}/share'
docdir='${datarootdir}/doc/${PACKAGE_TARNAME}'
dvidir='${docdir}'
exec_prefix='${prefix}'
host_alias=''
htmldir='${docdir}'
includedir='${prefix}/include'
infodir='${datarootdir}/info'
install_sh='${SHELL} /home/aida/git/apertium-eng-kaz/install-sh'
libdir='${exec_prefix}/lib'
libexecdir='${exec_prefix}/libexec'
localedir='${datarootdir}/locale'
localstatedir='${prefix}/var'
mandir='${datarootdir}/man'
mkdir_p='$(MKDIR_P)'
oldincludedir='/usr/include'
pdfdir='${docdir}'
prefix='/usr/local'
program_transform_name='s,x,x,'
psdir='${docdir}'
runstatedir='${localstatedir}/run'
sbindir='${exec_prefix}/sbin'
sharedstatedir='${prefix}/com'
sysconfdir='${prefix}/etc'
target_alias=''

## ------------------- ##
## File substitutions. ##
## ------------------- ##

ap_include='./ap_include.am'

## ----------- ##
## confdefs.h. ##
## ----------- ##

/* confdefs.h */
#define PACKAGE_NAME "apertium-eng-kaz"
#define PACKAGE_TARNAME "apertium-eng-kaz"
#define PACKAGE_VERSION "1.0.0"
#define PACKAGE_STRING "apertium-eng-kaz 1.0.0"
#define PACKAGE_BUGREPORT "unknown@users.sourceforge.net"
#define PACKAGE_URL ""

configure: exit 0
